# JRE version: Java(TM) SE Runtime Environment (8.0_121-b13) (build 1.8.0_121-b13)
# Java VM: Java HotSpot(TM) 64-Bit Server VM (25.121-b13 mixed mode windows-amd64 compressed oops)
Heap:
 PSYoungGen      total 125440K, used 23712K [0x00000000e0000000, 0x00000000e8880000, 0x0000000100000000)
  eden space 114688K, 20% used [0x00000000e0000000,0x00000000e1728118,0x00000000e7000000)
  from space 10752K, 0% used [0x00000000e7e00000,0x00000000e7e00000,0x00000000e8880000)
  to   space 12288K, 0% used [0x00000000e7080000,0x00000000e7080000,0x00000000e7c80000)
 ParOldGen       total 76288K, used 17010K [0x00000000a0000000, 0x00000000a4a80000, 0x00000000e0000000)
  object space 76288K, 22% used [0x00000000a0000000,0x00000000a109ca78,0x00000000a4a80000)
 Metaspace       used 35294K, capacity 36104K, committed 36312K, reserved 1081344K
  class space    used 4851K, capacity 5079K, committed 5120K, reserved 1048576K
GC Heap History (10 events):
Event: 22.089 GC heap before
{Heap before GC invocations=4 (full 1):
 PSYoungGen      total 71680K, used 5096K [0x00000000e0000000, 0x00000000e4b00000, 0x0000000100000000)
  eden space 66560K, 0% used [0x00000000e0000000,0x00000000e0000000,0x00000000e4100000)
  from space 5120K, 99% used [0x00000000e4100000,0x00000000e45fa040,0x00000000e4600000)
  to   space 5120K, 0% used [0x00000000e4600000,0x00000000e4600000,0x00000000e4b00000)
 ParOldGen       total 87552K, used 7860K [0x00000000a0000000, 0x00000000a5580000, 0x00000000e0000000)
  object space 87552K, 8% used [0x00000000a0000000,0x00000000a07ad338,0x00000000a5580000)
 Metaspace       used 20710K, capacity 21142K, committed 21248K, reserved 1067008K
  class space    used 2868K, capacity 3043K, committed 3072K, reserved 1048576K
Event: 22.218 GC heap after
Heap after GC invocations=4 (full 1):
 PSYoungGen      total 71680K, used 0K [0x00000000e0000000, 0x00000000e4b00000, 0x0000000100000000)
  eden space 66560K, 0% used [0x00000000e0000000,0x00000000e0000000,0x00000000e4100000)
  from space 5120K, 0% used [0x00000000e4100000,0x00000000e4100000,0x00000000e4600000)
  to   space 5120K, 0% used [0x00000000e4600000,0x00000000e4600000,0x00000000e4b00000)
 ParOldGen       total 58368K, used 11500K [0x00000000a0000000, 0x00000000a3900000, 0x00000000e0000000)
  object space 58368K, 19% used [0x00000000a0000000,0x00000000a0b3b150,0x00000000a3900000)
 Metaspace       used 20710K, capacity 21142K, committed 21248K, reserved 1067008K
  class space    used 2868K, capacity 3043K, committed 3072K, reserved 1048576K
}
Event: 25.603 GC heap before
{Heap before GC invocations=5 (full 1):
 PSYoungGen      total 71680K, used 66560K [0x00000000e0000000, 0x00000000e4b00000, 0x0000000100000000)
  eden space 66560K, 100% used [0x00000000e0000000,0x00000000e4100000,0x00000000e4100000)
  from space 5120K, 0% used [0x00000000e4100000,0x00000000e4100000,0x00000000e4600000)
  to   space 5120K, 0% used [0x00000000e4600000,0x00000000e4600000,0x00000000e4b00000)
 ParOldGen       total 58368K, used 11500K [0x00000000a0000000, 0x00000000a3900000, 0x00000000e0000000)
  object space 58368K, 19% used [0x00000000a0000000,0x00000000a0b3b150,0x00000000a3900000)
 Metaspace       used 26263K, capacity 26770K, committed 27008K, reserved 1073152K
  class space    used 3691K, capacity 3844K, committed 3968K, reserved 1048576K
Event: 25.656 GC heap after
Heap after GC invocations=5 (full 1):
 PSYoungGen      total 71680K, used 5117K [0x00000000e0000000, 0x00000000e7f80000, 0x0000000100000000)
  eden space 66560K, 0% used [0x00000000e0000000,0x00000000e0000000,0x00000000e4100000)
  from space 5120K, 99% used [0x00000000e4600000,0x00000000e4aff400,0x00000000e4b00000)
  to   space 5120K, 0% used [0x00000000e4100000,0x00000000e4100000,0x00000000e4600000)
 ParOldGen       total 58368K, used 13956K [0x00000000a0000000, 0x00000000a3900000, 0x00000000e0000000)
  object space 58368K, 23% used [0x00000000a0000000,0x00000000a0da1060,0x00000000a3900000)
 Metaspace       used 26263K, capacity 26770K, committed 27008K, reserved 1073152K
  class space    used 3691K, capacity 3844K, committed 3968K, reserved 1048576K
}
Event: 27.812 GC heap before
{Heap before GC invocations=6 (full 1):
 PSYoungGen      total 71680K, used 71677K [0x00000000e0000000, 0x00000000e7f80000, 0x0000000100000000)
  eden space 66560K, 100% used [0x00000000e0000000,0x00000000e4100000,0x00000000e4100000)
  from space 5120K, 99% used [0x00000000e4600000,0x00000000e4aff400,0x00000000e4b00000)
  to   space 5120K, 0% used [0x00000000e4100000,0x00000000e4100000,0x00000000e4600000)
 ParOldGen       total 58368K, used 13956K [0x00000000a0000000, 0x00000000a3900000, 0x00000000e0000000)
  object space 58368K, 23% used [0x00000000a0000000,0x00000000a0da1060,0x00000000a3900000)
 Metaspace       used 30304K, capacity 30978K, committed 31104K, reserved 1075200K
  class space    used 4223K, capacity 4411K, committed 4480K, reserved 1048576K
Event: 27.821 GC heap after
Heap after GC invocations=6 (full 1):
 PSYoungGen      total 71680K, used 5092K [0x00000000e0000000, 0x00000000e8900000, 0x0000000100000000)
  eden space 66560K, 0% used [0x00000000e0000000,0x00000000e0000000,0x00000000e4100000)
  from space 5120K, 99% used [0x00000000e4100000,0x00000000e45f9040,0x00000000e4600000)
  to   space 11264K, 0% used [0x00000000e7e00000,0x00000000e7e00000,0x00000000e8900000)
 ParOldGen       total 58368K, used 16636K [0x00000000a0000000, 0x00000000a3900000, 0x00000000e0000000)
  object space 58368K, 28% used [0x00000000a0000000,0x00000000a103f090,0x00000000a3900000)
 Metaspace       used 30304K, capacity 30978K, committed 31104K, reserved 1075200K
  class space    used 4223K, capacity 4411K, committed 4480K, reserved 1048576K
}
Event: 31.005 GC heap before
{Heap before GC invocations=7 (full 1):
 PSYoungGen      total 71680K, used 46753K [0x00000000e0000000, 0x00000000e8900000, 0x0000000100000000)
  eden space 66560K, 62% used [0x00000000e0000000,0x00000000e28af778,0x00000000e4100000)
  from space 5120K, 99% used [0x00000000e4100000,0x00000000e45f9040,0x00000000e4600000)
  to   space 11264K, 0% used [0x00000000e7e00000,0x00000000e7e00000,0x00000000e8900000)
 ParOldGen       total 58368K, used 16636K [0x00000000a0000000, 0x00000000a3900000, 0x00000000e0000000)
  object space 58368K, 28% used [0x00000000a0000000,0x00000000a103f090,0x00000000a3900000)
 Metaspace       used 34544K, capacity 35336K, committed 35416K, reserved 1079296K
  class space    used 4755K, capacity 4951K, committed 4992K, reserved 1048576K
Event: 31.015 GC heap after
Heap after GC invocations=7 (full 1):
 PSYoungGen      total 125440K, used 10301K [0x00000000e0000000, 0x00000000e8880000, 0x0000000100000000)
  eden space 114688K, 0% used [0x00000000e0000000,0x00000000e0000000,0x00000000e7000000)
  from space 10752K, 95% used [0x00000000e7e00000,0x00000000e880f578,0x00000000e8880000)
  to   space 12288K, 0% used [0x00000000e7080000,0x00000000e7080000,0x00000000e7c80000)
 ParOldGen       total 58368K, used 16716K [0x00000000a0000000, 0x00000000a3900000, 0x00000000e0000000)
  object space 58368K, 28% used [0x00000000a0000000,0x00000000a10530a0,0x00000000a3900000)
 Metaspace       used 34544K, capacity 35336K, committed 35416K, reserved 1079296K
  class space    used 4755K, capacity 4951K, committed 4992K, reserved 1048576K
}
Event: 31.015 GC heap before
{Heap before GC invocations=8 (full 2):
 PSYoungGen      total 125440K, used 10301K [0x00000000e0000000, 0x00000000e8880000, 0x0000000100000000)
  eden space 114688K, 0% used [0x00000000e0000000,0x00000000e0000000,0x00000000e7000000)
  from space 10752K, 95% used [0x00000000e7e00000,0x00000000e880f578,0x00000000e8880000)
  to   space 12288K, 0% used [0x00000000e7080000,0x00000000e7080000,0x00000000e7c80000)
 ParOldGen       total 58368K, used 16716K [0x00000000a0000000, 0x00000000a3900000, 0x00000000e0000000)
  object space 58368K, 28% used [0x00000000a0000000,0x00000000a10530a0,0x00000000a3900000)
 Metaspace       used 34544K, capacity 35336K, committed 35416K, reserved 1079296K
  class space    used 4755K, capacity 4951K, committed 4992K, reserved 1048576K
Event: 31.105 GC heap after
Heap after GC invocations=8 (full 2):
 PSYoungGen      total 125440K, used 0K [0x00000000e0000000, 0x00000000e8880000, 0x0000000100000000)
  eden space 114688K, 0% used [0x00000000e0000000,0x00000000e0000000,0x00000000e7000000)
  from space 10752K, 0% used [0x00000000e7e00000,0x00000000e7e00000,0x00000000e8880000)
  to   space 12288K, 0% used [0x00000000e7080000,0x00000000e7080000,0x00000000e7c80000)
 ParOldGen       total 76288K, used 17010K [0x00000000a0000000, 0x00000000a4a80000, 0x00000000e0000000)
  object space 76288K, 22% used [0x00000000a0000000,0x00000000a109ca78,0x00000000a4a80000)
 Metaspace       used 34544K, capacity 35336K, committed 35416K, reserved 1079296K
  class space    used 4755K, capacity 4951K, committed 4992K, reserved 1048576K
}

